<?xml version="1.0" encoding="UTF-8" ?>
<testsuite errors="0" failures="0" hostname="CSL1WK32" name="com.comp3111.test.TestSuite" skipped="0" tests="21" time="0.082" timestamp="2014-04-29T03:40:56">
  <properties>
[...]
</properties>
  <testcase classname="com.comp3111.test.PedometerTest" name="testStopSensor" time="0.003" />
  <testcase classname="com.comp3111.test.PedometerTest" name="testRun" time="0.0" />
  <testcase classname="com.comp3111.test.PedometerTest" name="testOnSensorChangedCallback" time="0.0" />
  <testcase classname="com.comp3111.test.PedometerTest" name="testGetDefaultAverageStepDuration" time="0.0" />
  <testcase classname="com.comp3111.test.PedometerTest" name="testResetAverageStepDuration" time="0.0" />
  <testcase classname="com.comp3111.test.PedometerTest" name="testGetAverageStepDuration" time="0.0" />
  <testcase classname="com.comp3111.test.PedometerTest" name="testPedoThreadCallback" time="0.0" />
  <testcase classname="com.comp3111.test.PedometerTest" name="testOnSensorChanged" time="0.0" />
  <testcase classname="com.comp3111.test.PedometerTest" name="testStartSensor" time="0.001" />
  <testcase classname="com.comp3111.test.PedometerTest" name="testPedometer" time="0.0" />
  <testcase classname="com.comp3111.test.StatisticsInfoTest" name="testAddTime" time="0.002" />
  <testcase classname="com.comp3111.test.StatisticsInfoTest" name="testGetStepsize" time="0.0" />
  <testcase classname="com.comp3111.test.StatisticsInfoTest" name="testGetCaloriesBurn" time="0.001" />
  <testcase classname="com.comp3111.test.StatisticsInfoTest" name="testGetDistanceTravelled" time="0.001" />
  <testcase classname="com.comp3111.test.StatisticsInfoTest" name="testSetStepSize00" time="0.0" />
  <testcase classname="com.comp3111.test.StatisticsInfoTest" name="testSetStepSize01" time="0.0" />
  <testcase classname="com.comp3111.test.StatisticsInfoTest" name="testSetStepSize02" time="0.0" />
  <testcase classname="com.comp3111.test.StatisticsInfoTest" name="testGetTotalSteps" time="0.0" />
  <testcase classname="com.comp3111.test.StatisticsInfoTest" name="testSetWeight" time="0.001" />
  <testcase classname="com.comp3111.test.StatisticsInfoTest" name="testGetWeight" time="0.0" />
  <testcase classname="com.comp3111.test.StatisticsInfoTest" name="testSetTotalSteps" time="0.0" />
  <system-out><![CDATA[EMMA: collecting runtime coverage data ...
]]></system-out>
  <system-err><![CDATA[]]></system-err>
</testsuite>
